{
  "/apps/bootstrap-touchspin-openai/packages/jquery-plugin/src/index.ts": {
    "path": "/apps/bootstrap-touchspin-openai/packages/jquery-plugin/src/index.ts",
    "all": false,
    "statementMap": {
      "0": {
        "start": {
          "line": 1,
          "column": 0
        },
        "end": {
          "line": 1,
          "column": 43
        }
      },
      "1": {
        "start": {
          "line": 2,
          "column": 0
        },
        "end": {
          "line": 2,
          "column": 71
        }
      },
      "2": {
        "start": {
          "line": 3,
          "column": 0
        },
        "end": {
          "line": 3,
          "column": 59
        }
      },
      "3": {
        "start": {
          "line": 4,
          "column": 0
        },
        "end": {
          "line": 4,
          "column": 0
        }
      },
      "4": {
        "start": {
          "line": 5,
          "column": 0
        },
        "end": {
          "line": 5,
          "column": 3
        }
      },
      "5": {
        "start": {
          "line": 6,
          "column": 0
        },
        "end": {
          "line": 6,
          "column": 81
        }
      },
      "6": {
        "start": {
          "line": 7,
          "column": 0
        },
        "end": {
          "line": 7,
          "column": 57
        }
      },
      "7": {
        "start": {
          "line": 8,
          "column": 0
        },
        "end": {
          "line": 8,
          "column": 64
        }
      },
      "8": {
        "start": {
          "line": 9,
          "column": 0
        },
        "end": {
          "line": 9,
          "column": 43
        }
      },
      "9": {
        "start": {
          "line": 10,
          "column": 0
        },
        "end": {
          "line": 10,
          "column": 3
        }
      },
      "10": {
        "start": {
          "line": 11,
          "column": 0
        },
        "end": {
          "line": 11,
          "column": 57
        }
      },
      "11": {
        "start": {
          "line": 12,
          "column": 0
        },
        "end": {
          "line": 12,
          "column": 43
        }
      },
      "12": {
        "start": {
          "line": 13,
          "column": 0
        },
        "end": {
          "line": 13,
          "column": 70
        }
      },
      "13": {
        "start": {
          "line": 14,
          "column": 0
        },
        "end": {
          "line": 14,
          "column": 38
        }
      },
      "14": {
        "start": {
          "line": 15,
          "column": 0
        },
        "end": {
          "line": 15,
          "column": 48
        }
      },
      "15": {
        "start": {
          "line": 16,
          "column": 0
        },
        "end": {
          "line": 16,
          "column": 23
        }
      },
      "16": {
        "start": {
          "line": 17,
          "column": 0
        },
        "end": {
          "line": 17,
          "column": 28
        }
      },
      "17": {
        "start": {
          "line": 18,
          "column": 0
        },
        "end": {
          "line": 18,
          "column": 62
        }
      },
      "18": {
        "start": {
          "line": 19,
          "column": 0
        },
        "end": {
          "line": 19,
          "column": 42
        }
      },
      "19": {
        "start": {
          "line": 20,
          "column": 0
        },
        "end": {
          "line": 20,
          "column": 0
        }
      },
      "20": {
        "start": {
          "line": 21,
          "column": 0
        },
        "end": {
          "line": 21,
          "column": 86
        }
      },
      "21": {
        "start": {
          "line": 22,
          "column": 0
        },
        "end": {
          "line": 22,
          "column": 73
        }
      },
      "22": {
        "start": {
          "line": 23,
          "column": 0
        },
        "end": {
          "line": 23,
          "column": 20
        }
      },
      "23": {
        "start": {
          "line": 24,
          "column": 0
        },
        "end": {
          "line": 24,
          "column": 33
        }
      },
      "24": {
        "start": {
          "line": 25,
          "column": 0
        },
        "end": {
          "line": 25,
          "column": 18
        }
      },
      "25": {
        "start": {
          "line": 26,
          "column": 0
        },
        "end": {
          "line": 26,
          "column": 61
        }
      },
      "26": {
        "start": {
          "line": 27,
          "column": 0
        },
        "end": {
          "line": 27,
          "column": 32
        }
      },
      "27": {
        "start": {
          "line": 28,
          "column": 0
        },
        "end": {
          "line": 28,
          "column": 11
        }
      },
      "28": {
        "start": {
          "line": 29,
          "column": 0
        },
        "end": {
          "line": 29,
          "column": 55
        }
      },
      "29": {
        "start": {
          "line": 30,
          "column": 0
        },
        "end": {
          "line": 30,
          "column": 9
        }
      },
      "30": {
        "start": {
          "line": 31,
          "column": 0
        },
        "end": {
          "line": 31,
          "column": 0
        }
      },
      "31": {
        "start": {
          "line": 32,
          "column": 0
        },
        "end": {
          "line": 32,
          "column": 72
        }
      },
      "32": {
        "start": {
          "line": 33,
          "column": 0
        },
        "end": {
          "line": 33,
          "column": 0
        }
      },
      "33": {
        "start": {
          "line": 34,
          "column": 0
        },
        "end": {
          "line": 34,
          "column": 22
        }
      },
      "34": {
        "start": {
          "line": 35,
          "column": 0
        },
        "end": {
          "line": 35,
          "column": 85
        }
      },
      "35": {
        "start": {
          "line": 36,
          "column": 0
        },
        "end": {
          "line": 36,
          "column": 45
        }
      },
      "36": {
        "start": {
          "line": 37,
          "column": 0
        },
        "end": {
          "line": 37,
          "column": 49
        }
      },
      "37": {
        "start": {
          "line": 38,
          "column": 0
        },
        "end": {
          "line": 38,
          "column": 55
        }
      },
      "38": {
        "start": {
          "line": 39,
          "column": 0
        },
        "end": {
          "line": 39,
          "column": 59
        }
      },
      "39": {
        "start": {
          "line": 40,
          "column": 0
        },
        "end": {
          "line": 40,
          "column": 49
        }
      },
      "40": {
        "start": {
          "line": 41,
          "column": 0
        },
        "end": {
          "line": 41,
          "column": 70
        }
      },
      "41": {
        "start": {
          "line": 42,
          "column": 0
        },
        "end": {
          "line": 42,
          "column": 64
        }
      },
      "42": {
        "start": {
          "line": 43,
          "column": 0
        },
        "end": {
          "line": 43,
          "column": 9
        }
      },
      "43": {
        "start": {
          "line": 44,
          "column": 0
        },
        "end": {
          "line": 44,
          "column": 9
        }
      },
      "44": {
        "start": {
          "line": 45,
          "column": 0
        },
        "end": {
          "line": 45,
          "column": 57
        }
      },
      "45": {
        "start": {
          "line": 46,
          "column": 0
        },
        "end": {
          "line": 46,
          "column": 5
        }
      },
      "46": {
        "start": {
          "line": 47,
          "column": 0
        },
        "end": {
          "line": 47,
          "column": 0
        }
      },
      "47": {
        "start": {
          "line": 48,
          "column": 0
        },
        "end": {
          "line": 48,
          "column": 35
        }
      },
      "48": {
        "start": {
          "line": 49,
          "column": 0
        },
        "end": {
          "line": 49,
          "column": 33
        }
      },
      "49": {
        "start": {
          "line": 50,
          "column": 0
        },
        "end": {
          "line": 50,
          "column": 29
        }
      },
      "50": {
        "start": {
          "line": 51,
          "column": 0
        },
        "end": {
          "line": 51,
          "column": 60
        }
      },
      "51": {
        "start": {
          "line": 52,
          "column": 0
        },
        "end": {
          "line": 52,
          "column": 0
        }
      },
      "52": {
        "start": {
          "line": 53,
          "column": 0
        },
        "end": {
          "line": 53,
          "column": 70
        }
      },
      "53": {
        "start": {
          "line": 54,
          "column": 0
        },
        "end": {
          "line": 54,
          "column": 91
        }
      },
      "54": {
        "start": {
          "line": 55,
          "column": 0
        },
        "end": {
          "line": 55,
          "column": 0
        }
      },
      "55": {
        "start": {
          "line": 56,
          "column": 0
        },
        "end": {
          "line": 56,
          "column": 74
        }
      },
      "56": {
        "start": {
          "line": 57,
          "column": 0
        },
        "end": {
          "line": 57,
          "column": 18
        }
      },
      "57": {
        "start": {
          "line": 58,
          "column": 0
        },
        "end": {
          "line": 58,
          "column": 15
        }
      },
      "58": {
        "start": {
          "line": 59,
          "column": 0
        },
        "end": {
          "line": 59,
          "column": 7
        }
      },
      "59": {
        "start": {
          "line": 60,
          "column": 0
        },
        "end": {
          "line": 60,
          "column": 0
        }
      },
      "60": {
        "start": {
          "line": 61,
          "column": 0
        },
        "end": {
          "line": 61,
          "column": 76
        }
      },
      "61": {
        "start": {
          "line": 62,
          "column": 0
        },
        "end": {
          "line": 62,
          "column": 45
        }
      },
      "62": {
        "start": {
          "line": 63,
          "column": 0
        },
        "end": {
          "line": 63,
          "column": 46
        }
      },
      "63": {
        "start": {
          "line": 64,
          "column": 0
        },
        "end": {
          "line": 64,
          "column": 46
        }
      },
      "64": {
        "start": {
          "line": 65,
          "column": 0
        },
        "end": {
          "line": 65,
          "column": 59
        }
      },
      "65": {
        "start": {
          "line": 66,
          "column": 0
        },
        "end": {
          "line": 66,
          "column": 59
        }
      },
      "66": {
        "start": {
          "line": 67,
          "column": 0
        },
        "end": {
          "line": 67,
          "column": 63
        }
      },
      "67": {
        "start": {
          "line": 68,
          "column": 0
        },
        "end": {
          "line": 68,
          "column": 57
        }
      },
      "68": {
        "start": {
          "line": 69,
          "column": 0
        },
        "end": {
          "line": 69,
          "column": 57
        }
      },
      "69": {
        "start": {
          "line": 70,
          "column": 0
        },
        "end": {
          "line": 70,
          "column": 61
        }
      },
      "70": {
        "start": {
          "line": 71,
          "column": 0
        },
        "end": {
          "line": 71,
          "column": 8
        }
      },
      "71": {
        "start": {
          "line": 72,
          "column": 0
        },
        "end": {
          "line": 72,
          "column": 0
        }
      },
      "72": {
        "start": {
          "line": 73,
          "column": 0
        },
        "end": {
          "line": 73,
          "column": 48
        }
      },
      "73": {
        "start": {
          "line": 74,
          "column": 0
        },
        "end": {
          "line": 74,
          "column": 43
        }
      },
      "74": {
        "start": {
          "line": 75,
          "column": 0
        },
        "end": {
          "line": 75,
          "column": 39
        }
      },
      "75": {
        "start": {
          "line": 76,
          "column": 0
        },
        "end": {
          "line": 76,
          "column": 21
        }
      },
      "76": {
        "start": {
          "line": 77,
          "column": 0
        },
        "end": {
          "line": 77,
          "column": 64
        }
      },
      "77": {
        "start": {
          "line": 78,
          "column": 0
        },
        "end": {
          "line": 78,
          "column": 9
        }
      },
      "78": {
        "start": {
          "line": 79,
          "column": 0
        },
        "end": {
          "line": 79,
          "column": 0
        }
      },
      "79": {
        "start": {
          "line": 80,
          "column": 0
        },
        "end": {
          "line": 80,
          "column": 81
        }
      },
      "80": {
        "start": {
          "line": 81,
          "column": 0
        },
        "end": {
          "line": 81,
          "column": 36
        }
      },
      "81": {
        "start": {
          "line": 82,
          "column": 0
        },
        "end": {
          "line": 82,
          "column": 47
        }
      },
      "82": {
        "start": {
          "line": 83,
          "column": 0
        },
        "end": {
          "line": 83,
          "column": 33
        }
      },
      "83": {
        "start": {
          "line": 84,
          "column": 0
        },
        "end": {
          "line": 84,
          "column": 34
        }
      },
      "84": {
        "start": {
          "line": 85,
          "column": 0
        },
        "end": {
          "line": 85,
          "column": 55
        }
      },
      "85": {
        "start": {
          "line": 86,
          "column": 0
        },
        "end": {
          "line": 86,
          "column": 11
        }
      },
      "86": {
        "start": {
          "line": 87,
          "column": 0
        },
        "end": {
          "line": 87,
          "column": 11
        }
      },
      "87": {
        "start": {
          "line": 88,
          "column": 0
        },
        "end": {
          "line": 88,
          "column": 76
        }
      },
      "88": {
        "start": {
          "line": 89,
          "column": 0
        },
        "end": {
          "line": 89,
          "column": 71
        }
      },
      "89": {
        "start": {
          "line": 90,
          "column": 0
        },
        "end": {
          "line": 90,
          "column": 181
        }
      },
      "90": {
        "start": {
          "line": 91,
          "column": 0
        },
        "end": {
          "line": 91,
          "column": 0
        }
      },
      "91": {
        "start": {
          "line": 92,
          "column": 0
        },
        "end": {
          "line": 92,
          "column": 110
        }
      },
      "92": {
        "start": {
          "line": 93,
          "column": 0
        },
        "end": {
          "line": 93,
          "column": 110
        }
      },
      "93": {
        "start": {
          "line": 94,
          "column": 0
        },
        "end": {
          "line": 94,
          "column": 8
        }
      },
      "94": {
        "start": {
          "line": 95,
          "column": 0
        },
        "end": {
          "line": 95,
          "column": 0
        }
      },
      "95": {
        "start": {
          "line": 96,
          "column": 0
        },
        "end": {
          "line": 96,
          "column": 71
        }
      },
      "96": {
        "start": {
          "line": 97,
          "column": 0
        },
        "end": {
          "line": 97,
          "column": 44
        }
      },
      "97": {
        "start": {
          "line": 98,
          "column": 0
        },
        "end": {
          "line": 98,
          "column": 0
        }
      },
      "98": {
        "start": {
          "line": 99,
          "column": 0
        },
        "end": {
          "line": 99,
          "column": 67
        }
      },
      "99": {
        "start": {
          "line": 100,
          "column": 0
        },
        "end": {
          "line": 100,
          "column": 43
        }
      },
      "100": {
        "start": {
          "line": 101,
          "column": 0
        },
        "end": {
          "line": 101,
          "column": 42
        }
      },
      "101": {
        "start": {
          "line": 102,
          "column": 0
        },
        "end": {
          "line": 102,
          "column": 30
        }
      },
      "102": {
        "start": {
          "line": 103,
          "column": 0
        },
        "end": {
          "line": 103,
          "column": 9
        }
      },
      "103": {
        "start": {
          "line": 104,
          "column": 0
        },
        "end": {
          "line": 104,
          "column": 45
        }
      },
      "104": {
        "start": {
          "line": 105,
          "column": 0
        },
        "end": {
          "line": 105,
          "column": 42
        }
      },
      "105": {
        "start": {
          "line": 106,
          "column": 0
        },
        "end": {
          "line": 106,
          "column": 32
        }
      },
      "106": {
        "start": {
          "line": 107,
          "column": 0
        },
        "end": {
          "line": 107,
          "column": 9
        }
      },
      "107": {
        "start": {
          "line": 108,
          "column": 0
        },
        "end": {
          "line": 108,
          "column": 48
        }
      },
      "108": {
        "start": {
          "line": 109,
          "column": 0
        },
        "end": {
          "line": 109,
          "column": 42
        }
      },
      "109": {
        "start": {
          "line": 110,
          "column": 0
        },
        "end": {
          "line": 110,
          "column": 35
        }
      },
      "110": {
        "start": {
          "line": 111,
          "column": 0
        },
        "end": {
          "line": 111,
          "column": 9
        }
      },
      "111": {
        "start": {
          "line": 112,
          "column": 0
        },
        "end": {
          "line": 112,
          "column": 50
        }
      },
      "112": {
        "start": {
          "line": 113,
          "column": 0
        },
        "end": {
          "line": 113,
          "column": 42
        }
      },
      "113": {
        "start": {
          "line": 114,
          "column": 0
        },
        "end": {
          "line": 114,
          "column": 37
        }
      },
      "114": {
        "start": {
          "line": 115,
          "column": 0
        },
        "end": {
          "line": 115,
          "column": 9
        }
      },
      "115": {
        "start": {
          "line": 116,
          "column": 0
        },
        "end": {
          "line": 116,
          "column": 45
        }
      },
      "116": {
        "start": {
          "line": 117,
          "column": 0
        },
        "end": {
          "line": 117,
          "column": 42
        }
      },
      "117": {
        "start": {
          "line": 118,
          "column": 0
        },
        "end": {
          "line": 118,
          "column": 32
        }
      },
      "118": {
        "start": {
          "line": 119,
          "column": 0
        },
        "end": {
          "line": 119,
          "column": 9
        }
      },
      "119": {
        "start": {
          "line": 120,
          "column": 0
        },
        "end": {
          "line": 120,
          "column": 56
        }
      },
      "120": {
        "start": {
          "line": 121,
          "column": 0
        },
        "end": {
          "line": 121,
          "column": 42
        }
      },
      "121": {
        "start": {
          "line": 122,
          "column": 0
        },
        "end": {
          "line": 122,
          "column": 45
        }
      },
      "122": {
        "start": {
          "line": 123,
          "column": 0
        },
        "end": {
          "line": 123,
          "column": 9
        }
      },
      "123": {
        "start": {
          "line": 124,
          "column": 0
        },
        "end": {
          "line": 124,
          "column": 44
        }
      },
      "124": {
        "start": {
          "line": 125,
          "column": 0
        },
        "end": {
          "line": 125,
          "column": 81
        }
      },
      "125": {
        "start": {
          "line": 126,
          "column": 0
        },
        "end": {
          "line": 126,
          "column": 42
        }
      },
      "126": {
        "start": {
          "line": 127,
          "column": 0
        },
        "end": {
          "line": 127,
          "column": 31
        }
      },
      "127": {
        "start": {
          "line": 128,
          "column": 0
        },
        "end": {
          "line": 128,
          "column": 9
        }
      },
      "128": {
        "start": {
          "line": 129,
          "column": 0
        },
        "end": {
          "line": 129,
          "column": 0
        }
      },
      "129": {
        "start": {
          "line": 130,
          "column": 0
        },
        "end": {
          "line": 130,
          "column": 71
        }
      },
      "130": {
        "start": {
          "line": 131,
          "column": 0
        },
        "end": {
          "line": 131,
          "column": 79
        }
      },
      "131": {
        "start": {
          "line": 132,
          "column": 0
        },
        "end": {
          "line": 132,
          "column": 41
        }
      },
      "132": {
        "start": {
          "line": 133,
          "column": 0
        },
        "end": {
          "line": 133,
          "column": 44
        }
      },
      "133": {
        "start": {
          "line": 134,
          "column": 0
        },
        "end": {
          "line": 134,
          "column": 39
        }
      },
      "134": {
        "start": {
          "line": 135,
          "column": 0
        },
        "end": {
          "line": 135,
          "column": 33
        }
      },
      "135": {
        "start": {
          "line": 136,
          "column": 0
        },
        "end": {
          "line": 136,
          "column": 9
        }
      },
      "136": {
        "start": {
          "line": 137,
          "column": 0
        },
        "end": {
          "line": 137,
          "column": 9
        }
      },
      "137": {
        "start": {
          "line": 138,
          "column": 0
        },
        "end": {
          "line": 138,
          "column": 7
        }
      },
      "138": {
        "start": {
          "line": 139,
          "column": 0
        },
        "end": {
          "line": 139,
          "column": 4
        }
      },
      "139": {
        "start": {
          "line": 140,
          "column": 0
        },
        "end": {
          "line": 140,
          "column": 1
        }
      },
      "140": {
        "start": {
          "line": 141,
          "column": 0
        },
        "end": {
          "line": 141,
          "column": 0
        }
      },
      "141": {
        "start": {
          "line": 142,
          "column": 0
        },
        "end": {
          "line": 142,
          "column": 3
        }
      },
      "142": {
        "start": {
          "line": 143,
          "column": 0
        },
        "end": {
          "line": 143,
          "column": 70
        }
      },
      "143": {
        "start": {
          "line": 144,
          "column": 0
        },
        "end": {
          "line": 144,
          "column": 69
        }
      },
      "144": {
        "start": {
          "line": 145,
          "column": 0
        },
        "end": {
          "line": 145,
          "column": 41
        }
      },
      "145": {
        "start": {
          "line": 146,
          "column": 0
        },
        "end": {
          "line": 146,
          "column": 3
        }
      },
      "146": {
        "start": {
          "line": 147,
          "column": 0
        },
        "end": {
          "line": 147,
          "column": 65
        }
      },
      "147": {
        "start": {
          "line": 148,
          "column": 0
        },
        "end": {
          "line": 148,
          "column": 91
        }
      },
      "148": {
        "start": {
          "line": 149,
          "column": 0
        },
        "end": {
          "line": 149,
          "column": 107
        }
      },
      "149": {
        "start": {
          "line": 150,
          "column": 0
        },
        "end": {
          "line": 150,
          "column": 0
        }
      },
      "150": {
        "start": {
          "line": 151,
          "column": 0
        },
        "end": {
          "line": 151,
          "column": 72
        }
      },
      "151": {
        "start": {
          "line": 152,
          "column": 0
        },
        "end": {
          "line": 152,
          "column": 10
        }
      },
      "152": {
        "start": {
          "line": 153,
          "column": 0
        },
        "end": {
          "line": 153,
          "column": 30
        }
      },
      "153": {
        "start": {
          "line": 154,
          "column": 0
        },
        "end": {
          "line": 154,
          "column": 10
        }
      },
      "154": {
        "start": {
          "line": 155,
          "column": 0
        },
        "end": {
          "line": 155,
          "column": 110
        }
      },
      "155": {
        "start": {
          "line": 156,
          "column": 0
        },
        "end": {
          "line": 156,
          "column": 3
        }
      },
      "156": {
        "start": {
          "line": 157,
          "column": 0
        },
        "end": {
          "line": 157,
          "column": 1
        }
      }
    },
    "s": {
      "0": 1,
      "1": 1,
      "2": 1,
      "3": 1,
      "4": 1,
      "5": 1,
      "6": 1,
      "7": 1,
      "8": 1,
      "9": 1,
      "10": 1,
      "11": 1,
      "12": 26,
      "13": 26,
      "14": 0,
      "15": 0,
      "16": 0,
      "17": 0,
      "18": 0,
      "19": 0,
      "20": 0,
      "21": 0,
      "22": 0,
      "23": 0,
      "24": 0,
      "25": 0,
      "26": 0,
      "27": 0,
      "28": 0,
      "29": 0,
      "30": 0,
      "31": 0,
      "32": 0,
      "33": 0,
      "34": 0,
      "35": 0,
      "36": 0,
      "37": 0,
      "38": 0,
      "39": 0,
      "40": 0,
      "41": 0,
      "42": 0,
      "43": 0,
      "44": 0,
      "45": 0,
      "46": 26,
      "47": 26,
      "48": 26,
      "49": 26,
      "50": 26,
      "51": 26,
      "52": 26,
      "53": 26,
      "54": 26,
      "55": 26,
      "56": 26,
      "57": 1,
      "58": 1,
      "59": 25,
      "60": 25,
      "61": 25,
      "62": 25,
      "63": 25,
      "64": 25,
      "65": 25,
      "66": 25,
      "67": 25,
      "68": 25,
      "69": 25,
      "70": 25,
      "71": 25,
      "72": 25,
      "73": 25,
      "74": 25,
      "75": 200,
      "76": 200,
      "77": 25,
      "78": 25,
      "79": 25,
      "80": 25,
      "81": 1,
      "82": 1,
      "83": 8,
      "84": 0,
      "85": 0,
      "86": 1,
      "87": 1,
      "88": 1,
      "89": 1,
      "90": 1,
      "91": 1,
      "92": 1,
      "93": 1,
      "94": 25,
      "95": 25,
      "96": 25,
      "97": 25,
      "98": 25,
      "99": 25,
      "100": 0,
      "101": 0,
      "102": 25,
      "103": 25,
      "104": 0,
      "105": 0,
      "106": 25,
      "107": 25,
      "108": 0,
      "109": 0,
      "110": 25,
      "111": 25,
      "112": 0,
      "113": 0,
      "114": 25,
      "115": 25,
      "116": 0,
      "117": 0,
      "118": 25,
      "119": 25,
      "120": 0,
      "121": 0,
      "122": 25,
      "123": 25,
      "124": 0,
      "125": 0,
      "126": 0,
      "127": 25,
      "128": 25,
      "129": 25,
      "130": 25,
      "131": 25,
      "132": 0,
      "133": 0,
      "134": 0,
      "135": 0,
      "136": 25,
      "137": 26,
      "138": 26,
      "139": 1,
      "140": 1,
      "141": 1,
      "142": 1,
      "143": 1,
      "144": 1,
      "145": 1,
      "146": 1,
      "147": 0,
      "148": 0,
      "149": 0,
      "150": 0,
      "151": 0,
      "152": 0,
      "153": 0,
      "154": 0,
      "155": 0,
      "156": 0
    },
    "branchMap": {
      "0": {
        "type": "branch",
        "line": 11,
        "loc": {
          "start": {
            "line": 11,
            "column": 7
          },
          "end": {
            "line": 140,
            "column": 1
          }
        },
        "locations": [
          {
            "start": {
              "line": 11,
              "column": 7
            },
            "end": {
              "line": 140,
              "column": 1
            }
          }
        ]
      },
      "1": {
        "type": "branch",
        "line": 12,
        "loc": {
          "start": {
            "line": 12,
            "column": 19
          },
          "end": {
            "line": 139,
            "column": 4
          }
        },
        "locations": [
          {
            "start": {
              "line": 12,
              "column": 19
            },
            "end": {
              "line": 139,
              "column": 4
            }
          }
        ]
      },
      "2": {
        "type": "branch",
        "line": 14,
        "loc": {
          "start": {
            "line": 14,
            "column": 37
          },
          "end": {
            "line": 46,
            "column": 5
          }
        },
        "locations": [
          {
            "start": {
              "line": 14,
              "column": 37
            },
            "end": {
              "line": 46,
              "column": 5
            }
          }
        ]
      },
      "3": {
        "type": "branch",
        "line": 49,
        "loc": {
          "start": {
            "line": 49,
            "column": 21
          },
          "end": {
            "line": 138,
            "column": 5
          }
        },
        "locations": [
          {
            "start": {
              "line": 49,
              "column": 21
            },
            "end": {
              "line": 138,
              "column": 5
            }
          }
        ]
      },
      "4": {
        "type": "branch",
        "line": 54,
        "loc": {
          "start": {
            "line": 54,
            "column": 39
          },
          "end": {
            "line": 54,
            "column": 89
          }
        },
        "locations": [
          {
            "start": {
              "line": 54,
              "column": 39
            },
            "end": {
              "line": 54,
              "column": 89
            }
          }
        ]
      },
      "5": {
        "type": "branch",
        "line": 57,
        "loc": {
          "start": {
            "line": 57,
            "column": 17
          },
          "end": {
            "line": 59,
            "column": 7
          }
        },
        "locations": [
          {
            "start": {
              "line": 57,
              "column": 17
            },
            "end": {
              "line": 59,
              "column": 7
            }
          }
        ]
      },
      "6": {
        "type": "branch",
        "line": 59,
        "loc": {
          "start": {
            "line": 59,
            "column": 6
          },
          "end": {
            "line": 137,
            "column": 9
          }
        },
        "locations": [
          {
            "start": {
              "line": 59,
              "column": 6
            },
            "end": {
              "line": 137,
              "column": 9
            }
          }
        ]
      },
      "7": {
        "type": "branch",
        "line": 75,
        "loc": {
          "start": {
            "line": 75,
            "column": 33
          },
          "end": {
            "line": 78,
            "column": 7
          }
        },
        "locations": [
          {
            "start": {
              "line": 75,
              "column": 33
            },
            "end": {
              "line": 78,
              "column": 7
            }
          }
        ]
      },
      "8": {
        "type": "branch",
        "line": 77,
        "loc": {
          "start": {
            "line": 77,
            "column": 31
          },
          "end": {
            "line": 77,
            "column": 61
          }
        },
        "locations": [
          {
            "start": {
              "line": 77,
              "column": 31
            },
            "end": {
              "line": 77,
              "column": 61
            }
          }
        ]
      },
      "9": {
        "type": "branch",
        "line": 81,
        "loc": {
          "start": {
            "line": 81,
            "column": 29
          },
          "end": {
            "line": 94,
            "column": 8
          }
        },
        "locations": [
          {
            "start": {
              "line": 81,
              "column": 29
            },
            "end": {
              "line": 94,
              "column": 8
            }
          }
        ]
      },
      "10": {
        "type": "branch",
        "line": 83,
        "loc": {
          "start": {
            "line": 83,
            "column": 23
          },
          "end": {
            "line": 87,
            "column": 9
          }
        },
        "locations": [
          {
            "start": {
              "line": 83,
              "column": 23
            },
            "end": {
              "line": 87,
              "column": 9
            }
          }
        ]
      },
      "11": {
        "type": "branch",
        "line": 84,
        "loc": {
          "start": {
            "line": 84,
            "column": 25
          },
          "end": {
            "line": 86,
            "column": 11
          }
        },
        "locations": [
          {
            "start": {
              "line": 84,
              "column": 25
            },
            "end": {
              "line": 86,
              "column": 11
            }
          }
        ]
      }
    },
    "b": {
      "0": [
        1
      ],
      "1": [
        26
      ],
      "2": [
        0
      ],
      "3": [
        26
      ],
      "4": [
        8
      ],
      "5": [
        1
      ],
      "6": [
        25
      ],
      "7": [
        200
      ],
      "8": [
        4
      ],
      "9": [
        1
      ],
      "10": [
        8
      ],
      "11": [
        0
      ]
    },
    "fnMap": {
      "0": {
        "name": "installJqueryTouchSpin",
        "decl": {
          "start": {
            "line": 11,
            "column": 7
          },
          "end": {
            "line": 140,
            "column": 1
          }
        },
        "loc": {
          "start": {
            "line": 11,
            "column": 7
          },
          "end": {
            "line": 140,
            "column": 1
          }
        },
        "line": 11
      },
      "1": {
        "name": "$.fn.TouchSpin",
        "decl": {
          "start": {
            "line": 12,
            "column": 19
          },
          "end": {
            "line": 139,
            "column": 4
          }
        },
        "loc": {
          "start": {
            "line": 12,
            "column": 19
          },
          "end": {
            "line": 139,
            "column": 4
          }
        },
        "line": 12
      },
      "2": {
        "name": "jqueryTeardown",
        "decl": {
          "start": {
            "line": 81,
            "column": 29
          },
          "end": {
            "line": 94,
            "column": 8
          }
        },
        "loc": {
          "start": {
            "line": 81,
            "column": 29
          },
          "end": {
            "line": 94,
            "column": 8
          }
        },
        "line": 81
      },
      "3": {
        "name": "installWithRenderer",
        "decl": {
          "start": {
            "line": 147,
            "column": 7
          },
          "end": {
            "line": 157,
            "column": 1
          }
        },
        "loc": {
          "start": {
            "line": 147,
            "column": 7
          },
          "end": {
            "line": 157,
            "column": 1
          }
        },
        "line": 147
      }
    },
    "f": {
      "0": 1,
      "1": 26,
      "2": 1,
      "3": 0
    }
  },
  "/apps/bootstrap-touchspin-openai/packages/renderers/bootstrap4/src/Bootstrap4Renderer.ts": {
    "path": "/apps/bootstrap-touchspin-openai/packages/renderers/bootstrap4/src/Bootstrap4Renderer.ts",
    "all": false,
    "statementMap": {
      "0": {
        "start": {
          "line": 1,
          "column": 0
        },
        "end": {
          "line": 1,
          "column": 3
        }
      },
      "1": {
        "start": {
          "line": 2,
          "column": 0
        },
        "end": {
          "line": 2,
          "column": 42
        }
      },
      "2": {
        "start": {
          "line": 3,
          "column": 0
        },
        "end": {
          "line": 3,
          "column": 56
        }
      },
      "3": {
        "start": {
          "line": 4,
          "column": 0
        },
        "end": {
          "line": 4,
          "column": 80
        }
      },
      "4": {
        "start": {
          "line": 5,
          "column": 0
        },
        "end": {
          "line": 5,
          "column": 3
        }
      },
      "5": {
        "start": {
          "line": 6,
          "column": 0
        },
        "end": {
          "line": 6,
          "column": 60
        }
      },
      "6": {
        "start": {
          "line": 7,
          "column": 0
        },
        "end": {
          "line": 7,
          "column": 0
        }
      },
      "7": {
        "start": {
          "line": 8,
          "column": 0
        },
        "end": {
          "line": 8,
          "column": 51
        }
      },
      "8": {
        "start": {
          "line": 9,
          "column": 0
        },
        "end": {
          "line": 9,
          "column": 46
        }
      },
      "9": {
        "start": {
          "line": 10,
          "column": 0
        },
        "end": {
          "line": 10,
          "column": 47
        }
      },
      "10": {
        "start": {
          "line": 11,
          "column": 0
        },
        "end": {
          "line": 11,
          "column": 38
        }
      },
      "11": {
        "start": {
          "line": 12,
          "column": 0
        },
        "end": {
          "line": 12,
          "column": 38
        }
      },
      "12": {
        "start": {
          "line": 13,
          "column": 0
        },
        "end": {
          "line": 13,
          "column": 0
        }
      },
      "13": {
        "start": {
          "line": 14,
          "column": 0
        },
        "end": {
          "line": 14,
          "column": 10
        }
      },
      "14": {
        "start": {
          "line": 15,
          "column": 0
        },
        "end": {
          "line": 15,
          "column": 45
        }
      },
      "15": {
        "start": {
          "line": 16,
          "column": 0
        },
        "end": {
          "line": 16,
          "column": 25
        }
      },
      "16": {
        "start": {
          "line": 17,
          "column": 0
        },
        "end": {
          "line": 17,
          "column": 26
        }
      },
      "17": {
        "start": {
          "line": 18,
          "column": 0
        },
        "end": {
          "line": 18,
          "column": 0
        }
      },
      "18": {
        "start": {
          "line": 19,
          "column": 0
        },
        "end": {
          "line": 19,
          "column": 68
        }
      },
      "19": {
        "start": {
          "line": 20,
          "column": 0
        },
        "end": {
          "line": 20,
          "column": 57
        }
      },
      "20": {
        "start": {
          "line": 21,
          "column": 0
        },
        "end": {
          "line": 21,
          "column": 47
        }
      },
      "21": {
        "start": {
          "line": 22,
          "column": 0
        },
        "end": {
          "line": 22,
          "column": 60
        }
      },
      "22": {
        "start": {
          "line": 23,
          "column": 0
        },
        "end": {
          "line": 23,
          "column": 5
        }
      },
      "23": {
        "start": {
          "line": 24,
          "column": 0
        },
        "end": {
          "line": 24,
          "column": 0
        }
      },
      "24": {
        "start": {
          "line": 25,
          "column": 0
        },
        "end": {
          "line": 25,
          "column": 44
        }
      },
      "25": {
        "start": {
          "line": 26,
          "column": 0
        },
        "end": {
          "line": 26,
          "column": 29
        }
      },
      "26": {
        "start": {
          "line": 27,
          "column": 0
        },
        "end": {
          "line": 27,
          "column": 0
        }
      },
      "27": {
        "start": {
          "line": 28,
          "column": 0
        },
        "end": {
          "line": 28,
          "column": 52
        }
      },
      "28": {
        "start": {
          "line": 29,
          "column": 0
        },
        "end": {
          "line": 29,
          "column": 82
        }
      },
      "29": {
        "start": {
          "line": 30,
          "column": 0
        },
        "end": {
          "line": 30,
          "column": 84
        }
      },
      "30": {
        "start": {
          "line": 31,
          "column": 0
        },
        "end": {
          "line": 31,
          "column": 101
        }
      },
      "31": {
        "start": {
          "line": 32,
          "column": 0
        },
        "end": {
          "line": 32,
          "column": 105
        }
      },
      "32": {
        "start": {
          "line": 33,
          "column": 0
        },
        "end": {
          "line": 33,
          "column": 110
        }
      },
      "33": {
        "start": {
          "line": 34,
          "column": 0
        },
        "end": {
          "line": 34,
          "column": 114
        }
      },
      "34": {
        "start": {
          "line": 35,
          "column": 0
        },
        "end": {
          "line": 35,
          "column": 104
        }
      },
      "35": {
        "start": {
          "line": 36,
          "column": 0
        },
        "end": {
          "line": 36,
          "column": 108
        }
      },
      "36": {
        "start": {
          "line": 37,
          "column": 0
        },
        "end": {
          "line": 37,
          "column": 98
        }
      },
      "37": {
        "start": {
          "line": 38,
          "column": 0
        },
        "end": {
          "line": 38,
          "column": 102
        }
      },
      "38": {
        "start": {
          "line": 39,
          "column": 0
        },
        "end": {
          "line": 39,
          "column": 92
        }
      },
      "39": {
        "start": {
          "line": 40,
          "column": 0
        },
        "end": {
          "line": 40,
          "column": 94
        }
      },
      "40": {
        "start": {
          "line": 41,
          "column": 0
        },
        "end": {
          "line": 41,
          "column": 106
        }
      },
      "41": {
        "start": {
          "line": 42,
          "column": 0
        },
        "end": {
          "line": 42,
          "column": 104
        }
      },
      "42": {
        "start": {
          "line": 43,
          "column": 0
        },
        "end": {
          "line": 43,
          "column": 3
        }
      },
      "43": {
        "start": {
          "line": 44,
          "column": 0
        },
        "end": {
          "line": 44,
          "column": 0
        }
      },
      "44": {
        "start": {
          "line": 45,
          "column": 0
        },
        "end": {
          "line": 45,
          "column": 20
        }
      },
      "45": {
        "start": {
          "line": 46,
          "column": 0
        },
        "end": {
          "line": 46,
          "column": 52
        }
      },
      "46": {
        "start": {
          "line": 47,
          "column": 0
        },
        "end": {
          "line": 47,
          "column": 33
        }
      },
      "47": {
        "start": {
          "line": 48,
          "column": 0
        },
        "end": {
          "line": 48,
          "column": 50
        }
      },
      "48": {
        "start": {
          "line": 49,
          "column": 0
        },
        "end": {
          "line": 49,
          "column": 37
        }
      },
      "49": {
        "start": {
          "line": 50,
          "column": 0
        },
        "end": {
          "line": 50,
          "column": 5
        }
      },
      "50": {
        "start": {
          "line": 51,
          "column": 0
        },
        "end": {
          "line": 51,
          "column": 0
        }
      },
      "51": {
        "start": {
          "line": 52,
          "column": 0
        },
        "end": {
          "line": 52,
          "column": 49
        }
      },
      "52": {
        "start": {
          "line": 53,
          "column": 0
        },
        "end": {
          "line": 53,
          "column": 21
        }
      },
      "53": {
        "start": {
          "line": 54,
          "column": 0
        },
        "end": {
          "line": 54,
          "column": 3
        }
      },
      "54": {
        "start": {
          "line": 55,
          "column": 0
        },
        "end": {
          "line": 55,
          "column": 0
        }
      },
      "55": {
        "start": {
          "line": 56,
          "column": 0
        },
        "end": {
          "line": 56,
          "column": 34
        }
      },
      "56": {
        "start": {
          "line": 57,
          "column": 0
        },
        "end": {
          "line": 57,
          "column": 54
        }
      },
      "57": {
        "start": {
          "line": 58,
          "column": 0
        },
        "end": {
          "line": 58,
          "column": 88
        }
      },
      "58": {
        "start": {
          "line": 59,
          "column": 0
        },
        "end": {
          "line": 59,
          "column": 0
        }
      },
      "59": {
        "start": {
          "line": 60,
          "column": 0
        },
        "end": {
          "line": 60,
          "column": 29
        }
      },
      "60": {
        "start": {
          "line": 61,
          "column": 0
        },
        "end": {
          "line": 61,
          "column": 62
        }
      },
      "61": {
        "start": {
          "line": 62,
          "column": 0
        },
        "end": {
          "line": 62,
          "column": 12
        }
      },
      "62": {
        "start": {
          "line": 63,
          "column": 0
        },
        "end": {
          "line": 63,
          "column": 41
        }
      },
      "63": {
        "start": {
          "line": 64,
          "column": 0
        },
        "end": {
          "line": 64,
          "column": 5
        }
      },
      "64": {
        "start": {
          "line": 65,
          "column": 0
        },
        "end": {
          "line": 65,
          "column": 3
        }
      },
      "65": {
        "start": {
          "line": 66,
          "column": 0
        },
        "end": {
          "line": 66,
          "column": 0
        }
      },
      "66": {
        "start": {
          "line": 67,
          "column": 0
        },
        "end": {
          "line": 67,
          "column": 39
        }
      },
      "67": {
        "start": {
          "line": 68,
          "column": 0
        },
        "end": {
          "line": 68,
          "column": 56
        }
      },
      "68": {
        "start": {
          "line": 69,
          "column": 0
        },
        "end": {
          "line": 69,
          "column": 0
        }
      },
      "69": {
        "start": {
          "line": 70,
          "column": 0
        },
        "end": {
          "line": 70,
          "column": 13
        }
      },
      "70": {
        "start": {
          "line": 71,
          "column": 0
        },
        "end": {
          "line": 71,
          "column": 40
        }
      },
      "71": {
        "start": {
          "line": 72,
          "column": 0
        },
        "end": {
          "line": 72,
          "column": 14
        }
      },
      "72": {
        "start": {
          "line": 73,
          "column": 0
        },
        "end": {
          "line": 73,
          "column": 71
        }
      },
      "73": {
        "start": {
          "line": 74,
          "column": 0
        },
        "end": {
          "line": 74,
          "column": 154
        }
      },
      "74": {
        "start": {
          "line": 75,
          "column": 0
        },
        "end": {
          "line": 75,
          "column": 114
        }
      },
      "75": {
        "start": {
          "line": 76,
          "column": 0
        },
        "end": {
          "line": 76,
          "column": 23
        }
      },
      "76": {
        "start": {
          "line": 77,
          "column": 0
        },
        "end": {
          "line": 77,
          "column": 157
        }
      },
      "77": {
        "start": {
          "line": 78,
          "column": 0
        },
        "end": {
          "line": 78,
          "column": 116
        }
      },
      "78": {
        "start": {
          "line": 79,
          "column": 0
        },
        "end": {
          "line": 79,
          "column": 23
        }
      },
      "79": {
        "start": {
          "line": 80,
          "column": 0
        },
        "end": {
          "line": 80,
          "column": 40
        }
      },
      "80": {
        "start": {
          "line": 81,
          "column": 0
        },
        "end": {
          "line": 81,
          "column": 14
        }
      },
      "81": {
        "start": {
          "line": 82,
          "column": 0
        },
        "end": {
          "line": 82,
          "column": 8
        }
      },
      "82": {
        "start": {
          "line": 83,
          "column": 0
        },
        "end": {
          "line": 83,
          "column": 12
        }
      },
      "83": {
        "start": {
          "line": 84,
          "column": 0
        },
        "end": {
          "line": 84,
          "column": 14
        }
      },
      "84": {
        "start": {
          "line": 85,
          "column": 0
        },
        "end": {
          "line": 85,
          "column": 71
        }
      },
      "85": {
        "start": {
          "line": 86,
          "column": 0
        },
        "end": {
          "line": 86,
          "column": 85
        }
      },
      "86": {
        "start": {
          "line": 87,
          "column": 0
        },
        "end": {
          "line": 87,
          "column": 325
        }
      },
      "87": {
        "start": {
          "line": 88,
          "column": 0
        },
        "end": {
          "line": 88,
          "column": 232
        }
      },
      "88": {
        "start": {
          "line": 89,
          "column": 0
        },
        "end": {
          "line": 89,
          "column": 16
        }
      },
      "89": {
        "start": {
          "line": 90,
          "column": 0
        },
        "end": {
          "line": 90,
          "column": 83
        }
      },
      "90": {
        "start": {
          "line": 91,
          "column": 0
        },
        "end": {
          "line": 91,
          "column": 238
        }
      },
      "91": {
        "start": {
          "line": 92,
          "column": 0
        },
        "end": {
          "line": 92,
          "column": 315
        }
      },
      "92": {
        "start": {
          "line": 93,
          "column": 0
        },
        "end": {
          "line": 93,
          "column": 16
        }
      },
      "93": {
        "start": {
          "line": 94,
          "column": 0
        },
        "end": {
          "line": 94,
          "column": 14
        }
      },
      "94": {
        "start": {
          "line": 95,
          "column": 0
        },
        "end": {
          "line": 95,
          "column": 8
        }
      },
      "95": {
        "start": {
          "line": 96,
          "column": 0
        },
        "end": {
          "line": 96,
          "column": 5
        }
      },
      "96": {
        "start": {
          "line": 97,
          "column": 0
        },
        "end": {
          "line": 97,
          "column": 0
        }
      },
      "97": {
        "start": {
          "line": 98,
          "column": 0
        },
        "end": {
          "line": 98,
          "column": 40
        }
      },
      "98": {
        "start": {
          "line": 99,
          "column": 0
        },
        "end": {
          "line": 99,
          "column": 50
        }
      },
      "99": {
        "start": {
          "line": 100,
          "column": 0
        },
        "end": {
          "line": 100,
          "column": 36
        }
      },
      "100": {
        "start": {
          "line": 101,
          "column": 0
        },
        "end": {
          "line": 101,
          "column": 61
        }
      },
      "101": {
        "start": {
          "line": 102,
          "column": 0
        },
        "end": {
          "line": 102,
          "column": 0
        }
      },
      "102": {
        "start": {
          "line": 103,
          "column": 0
        },
        "end": {
          "line": 103,
          "column": 44
        }
      },
      "103": {
        "start": {
          "line": 104,
          "column": 0
        },
        "end": {
          "line": 104,
          "column": 46
        }
      },
      "104": {
        "start": {
          "line": 105,
          "column": 0
        },
        "end": {
          "line": 105,
          "column": 65
        }
      },
      "105": {
        "start": {
          "line": 106,
          "column": 0
        },
        "end": {
          "line": 106,
          "column": 5
        }
      },
      "106": {
        "start": {
          "line": 107,
          "column": 0
        },
        "end": {
          "line": 107,
          "column": 0
        }
      },
      "107": {
        "start": {
          "line": 108,
          "column": 0
        },
        "end": {
          "line": 108,
          "column": 40
        }
      },
      "108": {
        "start": {
          "line": 109,
          "column": 0
        },
        "end": {
          "line": 109,
          "column": 40
        }
      },
      "109": {
        "start": {
          "line": 110,
          "column": 0
        },
        "end": {
          "line": 110,
          "column": 77
        }
      },
      "110": {
        "start": {
          "line": 111,
          "column": 0
        },
        "end": {
          "line": 111,
          "column": 118
        }
      },
      "111": {
        "start": {
          "line": 112,
          "column": 0
        },
        "end": {
          "line": 112,
          "column": 120
        }
      },
      "112": {
        "start": {
          "line": 113,
          "column": 0
        },
        "end": {
          "line": 113,
          "column": 6
        }
      },
      "113": {
        "start": {
          "line": 114,
          "column": 0
        },
        "end": {
          "line": 114,
          "column": 26
        }
      },
      "114": {
        "start": {
          "line": 115,
          "column": 0
        },
        "end": {
          "line": 115,
          "column": 30
        }
      },
      "115": {
        "start": {
          "line": 116,
          "column": 0
        },
        "end": {
          "line": 116,
          "column": 115
        }
      },
      "116": {
        "start": {
          "line": 117,
          "column": 0
        },
        "end": {
          "line": 117,
          "column": 34
        }
      },
      "117": {
        "start": {
          "line": 118,
          "column": 0
        },
        "end": {
          "line": 118,
          "column": 43
        }
      },
      "118": {
        "start": {
          "line": 119,
          "column": 0
        },
        "end": {
          "line": 119,
          "column": 95
        }
      },
      "119": {
        "start": {
          "line": 120,
          "column": 0
        },
        "end": {
          "line": 120,
          "column": 14
        }
      },
      "120": {
        "start": {
          "line": 121,
          "column": 0
        },
        "end": {
          "line": 121,
          "column": 63
        }
      },
      "121": {
        "start": {
          "line": 122,
          "column": 0
        },
        "end": {
          "line": 122,
          "column": 132
        }
      },
      "122": {
        "start": {
          "line": 123,
          "column": 0
        },
        "end": {
          "line": 123,
          "column": 107
        }
      },
      "123": {
        "start": {
          "line": 124,
          "column": 0
        },
        "end": {
          "line": 124,
          "column": 7
        }
      },
      "124": {
        "start": {
          "line": 125,
          "column": 0
        },
        "end": {
          "line": 125,
          "column": 12
        }
      },
      "125": {
        "start": {
          "line": 126,
          "column": 0
        },
        "end": {
          "line": 126,
          "column": 79
        }
      },
      "126": {
        "start": {
          "line": 127,
          "column": 0
        },
        "end": {
          "line": 127,
          "column": 126
        }
      },
      "127": {
        "start": {
          "line": 128,
          "column": 0
        },
        "end": {
          "line": 128,
          "column": 101
        }
      },
      "128": {
        "start": {
          "line": 129,
          "column": 0
        },
        "end": {
          "line": 129,
          "column": 5
        }
      },
      "129": {
        "start": {
          "line": 130,
          "column": 0
        },
        "end": {
          "line": 130,
          "column": 0
        }
      },
      "130": {
        "start": {
          "line": 131,
          "column": 0
        },
        "end": {
          "line": 131,
          "column": 36
        }
      },
      "131": {
        "start": {
          "line": 132,
          "column": 0
        },
        "end": {
          "line": 132,
          "column": 3
        }
      },
      "132": {
        "start": {
          "line": 133,
          "column": 0
        },
        "end": {
          "line": 133,
          "column": 0
        }
      },
      "133": {
        "start": {
          "line": 134,
          "column": 0
        },
        "end": {
          "line": 134,
          "column": 73
        }
      },
      "134": {
        "start": {
          "line": 135,
          "column": 0
        },
        "end": {
          "line": 135,
          "column": 60
        }
      },
      "135": {
        "start": {
          "line": 136,
          "column": 0
        },
        "end": {
          "line": 136,
          "column": 60
        }
      },
      "136": {
        "start": {
          "line": 137,
          "column": 0
        },
        "end": {
          "line": 137,
          "column": 4
        }
      },
      "137": {
        "start": {
          "line": 138,
          "column": 0
        },
        "end": {
          "line": 138,
          "column": 39
        }
      },
      "138": {
        "start": {
          "line": 139,
          "column": 0
        },
        "end": {
          "line": 139,
          "column": 42
        }
      },
      "139": {
        "start": {
          "line": 140,
          "column": 0
        },
        "end": {
          "line": 140,
          "column": 0
        }
      },
      "140": {
        "start": {
          "line": 141,
          "column": 0
        },
        "end": {
          "line": 141,
          "column": 61
        }
      },
      "141": {
        "start": {
          "line": 142,
          "column": 0
        },
        "end": {
          "line": 142,
          "column": 21
        }
      },
      "142": {
        "start": {
          "line": 143,
          "column": 0
        },
        "end": {
          "line": 143,
          "column": 40
        }
      },
      "143": {
        "start": {
          "line": 144,
          "column": 0
        },
        "end": {
          "line": 144,
          "column": 22
        }
      },
      "144": {
        "start": {
          "line": 145,
          "column": 0
        },
        "end": {
          "line": 145,
          "column": 152
        }
      },
      "145": {
        "start": {
          "line": 146,
          "column": 0
        },
        "end": {
          "line": 146,
          "column": 112
        }
      },
      "146": {
        "start": {
          "line": 147,
          "column": 0
        },
        "end": {
          "line": 147,
          "column": 21
        }
      },
      "147": {
        "start": {
          "line": 148,
          "column": 0
        },
        "end": {
          "line": 148,
          "column": 155
        }
      },
      "148": {
        "start": {
          "line": 149,
          "column": 0
        },
        "end": {
          "line": 149,
          "column": 114
        }
      },
      "149": {
        "start": {
          "line": 150,
          "column": 0
        },
        "end": {
          "line": 150,
          "column": 21
        }
      },
      "150": {
        "start": {
          "line": 151,
          "column": 0
        },
        "end": {
          "line": 151,
          "column": 38
        }
      },
      "151": {
        "start": {
          "line": 152,
          "column": 0
        },
        "end": {
          "line": 152,
          "column": 8
        }
      },
      "152": {
        "start": {
          "line": 153,
          "column": 0
        },
        "end": {
          "line": 153,
          "column": 12
        }
      },
      "153": {
        "start": {
          "line": 154,
          "column": 0
        },
        "end": {
          "line": 154,
          "column": 22
        }
      },
      "154": {
        "start": {
          "line": 155,
          "column": 0
        },
        "end": {
          "line": 155,
          "column": 83
        }
      },
      "155": {
        "start": {
          "line": 156,
          "column": 0
        },
        "end": {
          "line": 156,
          "column": 295
        }
      },
      "156": {
        "start": {
          "line": 157,
          "column": 0
        },
        "end": {
          "line": 157,
          "column": 230
        }
      },
      "157": {
        "start": {
          "line": 158,
          "column": 0
        },
        "end": {
          "line": 158,
          "column": 14
        }
      },
      "158": {
        "start": {
          "line": 159,
          "column": 0
        },
        "end": {
          "line": 159,
          "column": 81
        }
      },
      "159": {
        "start": {
          "line": 160,
          "column": 0
        },
        "end": {
          "line": 160,
          "column": 236
        }
      },
      "160": {
        "start": {
          "line": 161,
          "column": 0
        },
        "end": {
          "line": 161,
          "column": 285
        }
      },
      "161": {
        "start": {
          "line": 162,
          "column": 0
        },
        "end": {
          "line": 162,
          "column": 14
        }
      },
      "162": {
        "start": {
          "line": 163,
          "column": 0
        },
        "end": {
          "line": 163,
          "column": 8
        }
      },
      "163": {
        "start": {
          "line": 164,
          "column": 0
        },
        "end": {
          "line": 164,
          "column": 5
        }
      },
      "164": {
        "start": {
          "line": 165,
          "column": 0
        },
        "end": {
          "line": 165,
          "column": 0
        }
      },
      "165": {
        "start": {
          "line": 166,
          "column": 0
        },
        "end": {
          "line": 166,
          "column": 50
        }
      },
      "166": {
        "start": {
          "line": 167,
          "column": 0
        },
        "end": {
          "line": 167,
          "column": 37
        }
      },
      "167": {
        "start": {
          "line": 168,
          "column": 0
        },
        "end": {
          "line": 168,
          "column": 0
        }
      },
      "168": {
        "start": {
          "line": 169,
          "column": 0
        },
        "end": {
          "line": 169,
          "column": 51
        }
      },
      "169": {
        "start": {
          "line": 170,
          "column": 0
        },
        "end": {
          "line": 170,
          "column": 37
        }
      },
      "170": {
        "start": {
          "line": 171,
          "column": 0
        },
        "end": {
          "line": 171,
          "column": 38
        }
      },
      "171": {
        "start": {
          "line": 172,
          "column": 0
        },
        "end": {
          "line": 172,
          "column": 0
        }
      },
      "172": {
        "start": {
          "line": 173,
          "column": 0
        },
        "end": {
          "line": 173,
          "column": 40
        }
      },
      "173": {
        "start": {
          "line": 174,
          "column": 0
        },
        "end": {
          "line": 174,
          "column": 77
        }
      },
      "174": {
        "start": {
          "line": 175,
          "column": 0
        },
        "end": {
          "line": 175,
          "column": 90
        }
      },
      "175": {
        "start": {
          "line": 176,
          "column": 0
        },
        "end": {
          "line": 176,
          "column": 21
        }
      },
      "176": {
        "start": {
          "line": 177,
          "column": 0
        },
        "end": {
          "line": 177,
          "column": 62
        }
      },
      "177": {
        "start": {
          "line": 178,
          "column": 0
        },
        "end": {
          "line": 178,
          "column": 7
        }
      },
      "178": {
        "start": {
          "line": 179,
          "column": 0
        },
        "end": {
          "line": 179,
          "column": 0
        }
      },
      "179": {
        "start": {
          "line": 180,
          "column": 0
        },
        "end": {
          "line": 180,
          "column": 92
        }
      },
      "180": {
        "start": {
          "line": 181,
          "column": 0
        },
        "end": {
          "line": 181,
          "column": 22
        }
      },
      "181": {
        "start": {
          "line": 182,
          "column": 0
        },
        "end": {
          "line": 182,
          "column": 75
        }
      },
      "182": {
        "start": {
          "line": 183,
          "column": 0
        },
        "end": {
          "line": 183,
          "column": 7
        }
      },
      "183": {
        "start": {
          "line": 184,
          "column": 0
        },
        "end": {
          "line": 184,
          "column": 0
        }
      },
      "184": {
        "start": {
          "line": 185,
          "column": 0
        },
        "end": {
          "line": 185,
          "column": 119
        }
      },
      "185": {
        "start": {
          "line": 186,
          "column": 0
        },
        "end": {
          "line": 186,
          "column": 34
        }
      },
      "186": {
        "start": {
          "line": 187,
          "column": 0
        },
        "end": {
          "line": 187,
          "column": 123
        }
      },
      "187": {
        "start": {
          "line": 188,
          "column": 0
        },
        "end": {
          "line": 188,
          "column": 7
        }
      },
      "188": {
        "start": {
          "line": 189,
          "column": 0
        },
        "end": {
          "line": 189,
          "column": 12
        }
      },
      "189": {
        "start": {
          "line": 190,
          "column": 0
        },
        "end": {
          "line": 190,
          "column": 75
        }
      },
      "190": {
        "start": {
          "line": 191,
          "column": 0
        },
        "end": {
          "line": 191,
          "column": 111
        }
      },
      "191": {
        "start": {
          "line": 192,
          "column": 0
        },
        "end": {
          "line": 192,
          "column": 27
        }
      },
      "192": {
        "start": {
          "line": 193,
          "column": 0
        },
        "end": {
          "line": 193,
          "column": 68
        }
      },
      "193": {
        "start": {
          "line": 194,
          "column": 0
        },
        "end": {
          "line": 194,
          "column": 7
        }
      },
      "194": {
        "start": {
          "line": 195,
          "column": 0
        },
        "end": {
          "line": 195,
          "column": 0
        }
      },
      "195": {
        "start": {
          "line": 196,
          "column": 0
        },
        "end": {
          "line": 196,
          "column": 109
        }
      },
      "196": {
        "start": {
          "line": 197,
          "column": 0
        },
        "end": {
          "line": 197,
          "column": 26
        }
      },
      "197": {
        "start": {
          "line": 198,
          "column": 0
        },
        "end": {
          "line": 198,
          "column": 79
        }
      },
      "198": {
        "start": {
          "line": 199,
          "column": 0
        },
        "end": {
          "line": 199,
          "column": 7
        }
      },
      "199": {
        "start": {
          "line": 200,
          "column": 0
        },
        "end": {
          "line": 200,
          "column": 0
        }
      },
      "200": {
        "start": {
          "line": 201,
          "column": 0
        },
        "end": {
          "line": 201,
          "column": 74
        }
      },
      "201": {
        "start": {
          "line": 202,
          "column": 0
        },
        "end": {
          "line": 202,
          "column": 121
        }
      },
      "202": {
        "start": {
          "line": 203,
          "column": 0
        },
        "end": {
          "line": 203,
          "column": 121
        }
      },
      "203": {
        "start": {
          "line": 204,
          "column": 0
        },
        "end": {
          "line": 204,
          "column": 5
        }
      },
      "204": {
        "start": {
          "line": 205,
          "column": 0
        },
        "end": {
          "line": 205,
          "column": 0
        }
      },
      "205": {
        "start": {
          "line": 206,
          "column": 0
        },
        "end": {
          "line": 206,
          "column": 54
        }
      },
      "206": {
        "start": {
          "line": 207,
          "column": 0
        },
        "end": {
          "line": 207,
          "column": 29
        }
      },
      "207": {
        "start": {
          "line": 208,
          "column": 0
        },
        "end": {
          "line": 208,
          "column": 31
        }
      },
      "208": {
        "start": {
          "line": 209,
          "column": 0
        },
        "end": {
          "line": 209,
          "column": 0
        }
      },
      "209": {
        "start": {
          "line": 210,
          "column": 0
        },
        "end": {
          "line": 210,
          "column": 30
        }
      },
      "210": {
        "start": {
          "line": 211,
          "column": 0
        },
        "end": {
          "line": 211,
          "column": 3
        }
      },
      "211": {
        "start": {
          "line": 212,
          "column": 0
        },
        "end": {
          "line": 212,
          "column": 0
        }
      },
      "212": {
        "start": {
          "line": 213,
          "column": 0
        },
        "end": {
          "line": 213,
          "column": 35
        }
      },
      "213": {
        "start": {
          "line": 214,
          "column": 0
        },
        "end": {
          "line": 214,
          "column": 43
        }
      },
      "214": {
        "start": {
          "line": 215,
          "column": 0
        },
        "end": {
          "line": 215,
          "column": 48
        }
      },
      "215": {
        "start": {
          "line": 216,
          "column": 0
        },
        "end": {
          "line": 216,
          "column": 30
        }
      },
      "216": {
        "start": {
          "line": 217,
          "column": 0
        },
        "end": {
          "line": 217,
          "column": 55
        }
      },
      "217": {
        "start": {
          "line": 218,
          "column": 0
        },
        "end": {
          "line": 218,
          "column": 30
        }
      },
      "218": {
        "start": {
          "line": 219,
          "column": 0
        },
        "end": {
          "line": 219,
          "column": 5
        }
      },
      "219": {
        "start": {
          "line": 220,
          "column": 0
        },
        "end": {
          "line": 220,
          "column": 14
        }
      },
      "220": {
        "start": {
          "line": 221,
          "column": 0
        },
        "end": {
          "line": 221,
          "column": 3
        }
      },
      "221": {
        "start": {
          "line": 222,
          "column": 0
        },
        "end": {
          "line": 222,
          "column": 0
        }
      },
      "222": {
        "start": {
          "line": 223,
          "column": 0
        },
        "end": {
          "line": 223,
          "column": 29
        }
      },
      "223": {
        "start": {
          "line": 224,
          "column": 0
        },
        "end": {
          "line": 224,
          "column": 53
        }
      },
      "224": {
        "start": {
          "line": 225,
          "column": 0
        },
        "end": {
          "line": 225,
          "column": 42
        }
      },
      "225": {
        "start": {
          "line": 226,
          "column": 0
        },
        "end": {
          "line": 226,
          "column": 0
        }
      },
      "226": {
        "start": {
          "line": 227,
          "column": 0
        },
        "end": {
          "line": 227,
          "column": 66
        }
      },
      "227": {
        "start": {
          "line": 228,
          "column": 0
        },
        "end": {
          "line": 228,
          "column": 30
        }
      },
      "228": {
        "start": {
          "line": 229,
          "column": 0
        },
        "end": {
          "line": 229,
          "column": 95
        }
      },
      "229": {
        "start": {
          "line": 230,
          "column": 0
        },
        "end": {
          "line": 230,
          "column": 99
        }
      },
      "230": {
        "start": {
          "line": 231,
          "column": 0
        },
        "end": {
          "line": 231,
          "column": 98
        }
      },
      "231": {
        "start": {
          "line": 232,
          "column": 0
        },
        "end": {
          "line": 232,
          "column": 100
        }
      },
      "232": {
        "start": {
          "line": 233,
          "column": 0
        },
        "end": {
          "line": 233,
          "column": 0
        }
      },
      "233": {
        "start": {
          "line": 234,
          "column": 0
        },
        "end": {
          "line": 234,
          "column": 48
        }
      },
      "234": {
        "start": {
          "line": 235,
          "column": 0
        },
        "end": {
          "line": 235,
          "column": 39
        }
      },
      "235": {
        "start": {
          "line": 236,
          "column": 0
        },
        "end": {
          "line": 236,
          "column": 43
        }
      },
      "236": {
        "start": {
          "line": 237,
          "column": 0
        },
        "end": {
          "line": 237,
          "column": 3
        }
      },
      "237": {
        "start": {
          "line": 238,
          "column": 0
        },
        "end": {
          "line": 238,
          "column": 0
        }
      },
      "238": {
        "start": {
          "line": 239,
          "column": 0
        },
        "end": {
          "line": 239,
          "column": 56
        }
      },
      "239": {
        "start": {
          "line": 240,
          "column": 0
        },
        "end": {
          "line": 240,
          "column": 29
        }
      },
      "240": {
        "start": {
          "line": 241,
          "column": 0
        },
        "end": {
          "line": 241,
          "column": 35
        }
      },
      "241": {
        "start": {
          "line": 242,
          "column": 0
        },
        "end": {
          "line": 242,
          "column": 0
        }
      },
      "242": {
        "start": {
          "line": 243,
          "column": 0
        },
        "end": {
          "line": 243,
          "column": 32
        }
      },
      "243": {
        "start": {
          "line": 244,
          "column": 0
        },
        "end": {
          "line": 244,
          "column": 21
        }
      },
      "244": {
        "start": {
          "line": 245,
          "column": 0
        },
        "end": {
          "line": 245,
          "column": 50
        }
      },
      "245": {
        "start": {
          "line": 246,
          "column": 0
        },
        "end": {
          "line": 246,
          "column": 37
        }
      },
      "246": {
        "start": {
          "line": 247,
          "column": 0
        },
        "end": {
          "line": 247,
          "column": 36
        }
[...]
            "column": 3
          }
        },
        "locations": [
          {
            "start": {
              "line": 199,
              "column": 2
            },
            "end": {
              "line": 219,
              "column": 3
            }
          }
        ]
      },
      "32": {
        "type": "branch",
        "line": 200,
        "loc": {
          "start": {
            "line": 200,
            "column": 18
          },
          "end": {
            "line": 200,
            "column": 25
          }
        },
        "locations": [
          {
            "start": {
              "line": 200,
              "column": 18
            },
            "end": {
              "line": 200,
              "column": 25
            }
          }
        ]
      },
      "33": {
        "type": "branch",
        "line": 202,
        "loc": {
          "start": {
            "line": 202,
            "column": 31
          },
          "end": {
            "line": 210,
            "column": 15
          }
        },
        "locations": [
          {
            "start": {
              "line": 202,
              "column": 31
            },
            "end": {
              "line": 210,
              "column": 15
            }
          }
        ]
      },
      "34": {
        "type": "branch",
        "line": 210,
        "loc": {
          "start": {
            "line": 210,
            "column": 38
          },
          "end": {
            "line": 218,
            "column": 5
          }
        },
        "locations": [
          {
            "start": {
              "line": 210,
              "column": 38
            },
            "end": {
              "line": 218,
              "column": 5
            }
          }
        ]
      },
      "35": {
        "type": "branch",
        "line": 221,
        "loc": {
          "start": {
            "line": 221,
            "column": 2
          },
          "end": {
            "line": 233,
            "column": 3
          }
        },
        "locations": [
          {
            "start": {
              "line": 221,
              "column": 2
            },
            "end": {
              "line": 233,
              "column": 3
            }
          }
        ]
      },
      "36": {
        "type": "branch",
        "line": 222,
        "loc": {
          "start": {
            "line": 222,
            "column": 18
          },
          "end": {
            "line": 222,
            "column": 25
          }
        },
        "locations": [
          {
            "start": {
              "line": 222,
              "column": 18
            },
            "end": {
              "line": 222,
              "column": 25
            }
          }
        ]
      },
      "37": {
        "type": "branch",
        "line": 224,
        "loc": {
          "start": {
            "line": 224,
            "column": 26
          },
          "end": {
            "line": 224,
            "column": 111
          }
        },
        "locations": [
          {
            "start": {
              "line": 224,
              "column": 26
            },
            "end": {
              "line": 224,
              "column": 111
            }
          }
        ]
      },
      "38": {
        "type": "branch",
        "line": 225,
        "loc": {
          "start": {
            "line": 225,
            "column": 27
          },
          "end": {
            "line": 225,
            "column": 114
          }
        },
        "locations": [
          {
            "start": {
              "line": 225,
              "column": 27
            },
            "end": {
              "line": 225,
              "column": 114
            }
          }
        ]
      },
      "39": {
        "type": "branch",
        "line": 227,
        "loc": {
          "start": {
            "line": 227,
            "column": 36
          },
          "end": {
            "line": 227,
            "column": 76
          }
        },
        "locations": [
          {
            "start": {
              "line": 227,
              "column": 36
            },
            "end": {
              "line": 227,
              "column": 76
            }
          }
        ]
      },
      "40": {
        "type": "branch",
        "line": 227,
        "loc": {
          "start": {
            "line": 227,
            "column": 76
          },
          "end": {
            "line": 229,
            "column": 5
          }
        },
        "locations": [
          {
            "start": {
              "line": 227,
              "column": 76
            },
            "end": {
              "line": 229,
              "column": 5
            }
          }
        ]
      },
      "41": {
        "type": "branch",
        "line": 230,
        "loc": {
          "start": {
            "line": 230,
            "column": 37
          },
          "end": {
            "line": 230,
            "column": 79
          }
        },
        "locations": [
          {
            "start": {
              "line": 230,
              "column": 37
            },
            "end": {
              "line": 230,
              "column": 79
            }
          }
        ]
      },
      "42": {
        "type": "branch",
        "line": 230,
        "loc": {
          "start": {
            "line": 230,
            "column": 79
          },
          "end": {
            "line": 232,
            "column": 5
          }
        },
        "locations": [
          {
            "start": {
              "line": 230,
              "column": 79
            },
            "end": {
              "line": 232,
              "column": 5
            }
          }
        ]
      },
      "43": {
        "type": "branch",
        "line": 279,
        "loc": {
          "start": {
            "line": 279,
            "column": 2
          },
          "end": {
            "line": 286,
            "column": 3
          }
        },
        "locations": [
          {
            "start": {
              "line": 279,
              "column": 2
            },
            "end": {
              "line": 286,
              "column": 3
            }
          }
        ]
      },
      "44": {
        "type": "branch",
        "line": 282,
        "loc": {
          "start": {
            "line": 282,
            "column": 42
          },
          "end": {
            "line": 282,
            "column": 67
          }
        },
        "locations": [
          {
            "start": {
              "line": 282,
              "column": 42
            },
            "end": {
              "line": 282,
              "column": 67
            }
          }
        ]
      },
      "45": {
        "type": "branch",
        "line": 282,
        "loc": {
          "start": {
            "line": 282,
            "column": 443
          },
          "end": {
            "line": 282,
            "column": 460
          }
        },
        "locations": [
          {
            "start": {
              "line": 282,
              "column": 443
            },
            "end": {
              "line": 282,
              "column": 460
            }
          }
        ]
      },
      "46": {
        "type": "branch",
        "line": 283,
        "loc": {
          "start": {
            "line": 283,
            "column": 42
          },
          "end": {
            "line": 283,
            "column": 67
          }
        },
        "locations": [
          {
            "start": {
              "line": 283,
              "column": 42
            },
            "end": {
              "line": 283,
              "column": 67
            }
          }
        ]
      },
      "47": {
        "type": "branch",
        "line": 283,
        "loc": {
          "start": {
            "line": 283,
            "column": 460
          },
          "end": {
            "line": 283,
            "column": 479
          }
        },
        "locations": [
          {
            "start": {
              "line": 283,
              "column": 460
            },
            "end": {
              "line": 283,
              "column": 479
            }
          }
        ]
      }
    },
    "b": {
      "0": [
        4
      ],
      "1": [
        4
      ],
      "2": [
        0
      ],
      "3": [
        4
      ],
      "4": [
        1
      ],
      "5": [
        1
      ],
      "6": [
        3
      ],
      "7": [
        3
      ],
      "8": [
        1
      ],
      "9": [
        2
      ],
      "10": [
        0
      ],
      "11": [
        0
      ],
      "12": [
        1
      ],
      "13": [
        1
      ],
      "14": [
        1
      ],
      "15": [
        1
      ],
      "16": [
        0
      ],
      "17": [
        0
      ],
      "18": [
        0
      ],
      "19": [
        1
      ],
      "20": [
        0
      ],
      "21": [
        0
      ],
      "22": [
        0
      ],
      "23": [
        0
      ],
      "24": [
        0
      ],
      "25": [
        0
      ],
      "26": [
        0
      ],
      "27": [
        0
      ],
      "28": [
        7
      ],
      "29": [
        0
      ],
      "30": [
        0
      ],
      "31": [
        4
      ],
      "32": [
        0
      ],
      "33": [
        0
      ],
      "34": [
        0
      ],
      "35": [
        4
      ],
      "36": [
        0
      ],
      "37": [
        3
      ],
      "38": [
        3
      ],
      "39": [
        1
      ],
      "40": [
        3
      ],
      "41": [
        1
      ],
      "42": [
        3
      ],
      "43": [
        1
      ],
      "44": [
        0
      ],
      "45": [
        0
      ],
      "46": [
        0
      ],
      "47": [
        0
      ]
    },
    "fnMap": {
      "0": {
        "name": "<instance_members_initializer>",
        "decl": {
          "start": {
            "line": 8,
            "column": 10
          },
          "end": {
            "line": 9,
            "column": 47
          }
        },
        "loc": {
          "start": {
            "line": 8,
            "column": 10
          },
          "end": {
            "line": 9,
            "column": 47
          }
        },
        "line": 8
      },
      "1": {
        "name": "init",
        "decl": {
          "start": {
            "line": 12,
            "column": 2
          },
          "end": {
            "line": 46,
            "column": 3
          }
        },
        "loc": {
          "start": {
            "line": 12,
            "column": 2
          },
          "end": {
            "line": 46,
            "column": 3
          }
        },
        "line": 12
      },
      "2": {
        "name": "buildInputGroup",
        "decl": {
          "start": {
            "line": 50,
            "column": 2
          },
          "end": {
            "line": 59,
            "column": 3
          }
        },
        "loc": {
          "start": {
            "line": 50,
            "column": 2
          },
          "end": {
            "line": 59,
            "column": 3
          }
        },
        "line": 50
      },
      "3": {
        "name": "buildBasicInputGroup",
        "decl": {
          "start": {
            "line": 61,
            "column": 2
          },
          "end": {
            "line": 115,
            "column": 3
          }
        },
        "loc": {
          "start": {
            "line": 61,
            "column": 2
          },
          "end": {
            "line": 115,
            "column": 3
          }
        },
        "line": 61
      },
      "4": {
        "name": "buildAdvancedInputGroup",
        "decl": {
          "start": {
            "line": 117,
            "column": 2
          },
          "end": {
            "line": 187,
            "column": 3
          }
        },
        "loc": {
          "start": {
            "line": 117,
            "column": 2
          },
          "end": {
            "line": 187,
            "column": 3
          }
        },
        "line": 117
      },
      "5": {
        "name": "_detectInputSize",
        "decl": {
          "start": {
            "line": 189,
            "column": 2
          },
          "end": {
            "line": 197,
            "column": 3
          }
        },
        "loc": {
          "start": {
            "line": 189,
            "column": 2
          },
          "end": {
            "line": 197,
            "column": 3
          }
        },
        "line": 189
      },
      "6": {
        "name": "_applySizeClasses",
        "decl": {
          "start": {
            "line": 199,
            "column": 2
          },
          "end": {
            "line": 219,
            "column": 3
          }
        },
        "loc": {
          "start": {
            "line": 199,
            "column": 2
          },
          "end": {
            "line": 219,
            "column": 3
          }
        },
        "line": 199
      },
      "7": {
        "name": "hideEmptyPrefixPostfix",
        "decl": {
          "start": {
            "line": 221,
            "column": 2
          },
          "end": {
            "line": 233,
            "column": 3
          }
        },
        "loc": {
          "start": {
            "line": 221,
            "column": 2
          },
          "end": {
            "line": 233,
            "column": 3
          }
        },
        "line": 221
      },
      "8": {
        "name": "updatePrefix",
        "decl": {
          "start": {
            "line": 235,
            "column": 2
          },
          "end": {
            "line": 250,
            "column": 3
          }
        },
        "loc": {
          "start": {
            "line": 235,
            "column": 2
          },
          "end": {
            "line": 250,
            "column": 3
          }
        },
        "line": 235
      },
      "9": {
        "name": "updatePostfix",
        "decl": {
          "start": {
            "line": 252,
            "column": 2
          },
          "end": {
            "line": 267,
            "column": 3
          }
        },
        "loc": {
          "start": {
            "line": 252,
            "column": 2
          },
          "end": {
            "line": 267,
            "column": 3
          }
        },
        "line": 252
      },
      "10": {
        "name": "updateButtonClass",
        "decl": {
          "start": {
            "line": 269,
            "column": 2
          },
          "end": {
            "line": 277,
            "column": 3
          }
        },
        "loc": {
          "start": {
            "line": 269,
            "column": 2
          },
          "end": {
            "line": 277,
            "column": 3
          }
        },
        "line": 269
      },
      "11": {
        "name": "buildVerticalButtons",
        "decl": {
          "start": {
            "line": 279,
            "column": 2
          },
          "end": {
            "line": 286,
            "column": 3
          }
        },
        "loc": {
          "start": {
            "line": 279,
            "column": 2
          },
          "end": {
            "line": 286,
            "column": 3
          }
        },
        "line": 279
      },
      "12": {
        "name": "updateVerticalButtonClass",
        "decl": {
          "start": {
            "line": 288,
            "column": 2
          },
          "end": {
            "line": 300,
            "column": 3
          }
        },
        "loc": {
          "start": {
            "line": 288,
            "column": 2
          },
          "end": {
            "line": 300,
            "column": 3
          }
        },
        "line": 288
      },
      "13": {
        "name": "updateVerticalButtonText",
        "decl": {
          "start": {
            "line": 302,
            "column": 2
          },
          "end": {
            "line": 311,
            "column": 3
          }
        },
        "loc": {
          "start": {
            "line": 302,
            "column": 2
          },
          "end": {
            "line": 311,
            "column": 3
          }
        },
        "line": 302
      },
      "14": {
        "name": "updateButtonText",
        "decl": {
          "start": {
            "line": 313,
            "column": 2
          },
          "end": {
            "line": 319,
            "column": 3
          }
        },
        "loc": {
          "start": {
            "line": 313,
            "column": 2
          },
          "end": {
            "line": 319,
            "column": 3
          }
        },
        "line": 313
      },
      "15": {
        "name": "updatePrefixClasses",
        "decl": {
          "start": {
            "line": 321,
            "column": 2
          },
          "end": {
            "line": 326,
            "column": 3
          }
        },
        "loc": {
          "start": {
            "line": 321,
            "column": 2
          },
          "end": {
            "line": 326,
            "column": 3
          }
        },
        "line": 321
      },
      "16": {
        "name": "updatePostfixClasses",
        "decl": {
          "start": {
            "line": 328,
            "column": 2
          },
          "end": {
            "line": 333,
            "column": 3
          }
        },
        "loc": {
          "start": {
            "line": 328,
            "column": 2
          },
          "end": {
            "line": 333,
            "column": 3
          }
        },
        "line": 328
      },
      "17": {
        "name": "handleVerticalButtonsChange",
        "decl": {
          "start": {
            "line": 335,
            "column": 2
          },
          "end": {
            "line": 338,
            "column": 3
          }
        },
        "loc": {
          "start": {
            "line": 335,
            "column": 2
          },
          "end": {
            "line": 338,
            "column": 3
          }
        },
        "line": 335
      },
      "18": {
        "name": "rebuildDOM",
        "decl": {
          "start": {
            "line": 340,
            "column": 2
          },
          "end": {
            "line": 348,
            "column": 3
          }
        },
        "loc": {
          "start": {
            "line": 340,
            "column": 2
          },
          "end": {
            "line": 348,
            "column": 3
          }
        },
        "line": 340
      },
      "19": {
        "name": "buildAndAttachDOM",
        "decl": {
          "start": {
            "line": 350,
            "column": 2
          },
          "end": {
            "line": 364,
            "column": 3
          }
        },
        "loc": {
          "start": {
            "line": 350,
            "column": 2
          },
          "end": {
            "line": 364,
            "column": 3
          }
        },
        "line": 350
      },
      "20": {
        "name": "updateButtonFocusability",
        "decl": {
          "start": {
            "line": 366,
            "column": 2
          },
          "end": {
            "line": 374,
            "column": 3
          }
        },
        "loc": {
          "start": {
            "line": 366,
            "column": 2
          },
          "end": {
            "line": 374,
            "column": 3
          }
        },
        "line": 366
      }
    },
    "f": {
      "0": 4,
      "1": 4,
      "2": 4,
      "3": 3,
      "4": 1,
      "5": 7,
      "6": 4,
      "7": 4,
      "8": 0,
      "9": 0,
      "10": 0,
      "11": 1,
      "12": 0,
      "13": 0,
      "14": 0,
      "15": 0,
      "16": 0,
      "17": 0,
      "18": 0,
      "19": 0,
      "20": 0
    }
  }
}